Rules useless in parser due to conflicts

   15 FACTOR: T_LBRACKET EXPR T_RBRACKET
   16       | T_NUMBER
   17       | T_LBRACKET EXPR T_RBRACKET
   19       | T_VARIABLE


State 6 conflicts: 7 reduce/reduce
State 7 conflicts: 7 reduce/reduce
State 11 conflicts: 1 shift/reduce
State 12 conflicts: 6 reduce/reduce
State 14 conflicts: 1 shift/reduce, 7 reduce/reduce
State 24 conflicts: 14 reduce/reduce
State 27 conflicts: 6 reduce/reduce
State 28 conflicts: 6 reduce/reduce
State 29 conflicts: 7 reduce/reduce


Grammar

    0 $accept: ROOT $end

    1 ROOT: EXPR

    2 EXPR: EXPR T_PLUS TERM
    3     | EXPR T_MINUS TERM
    4     | TERM

    5 TERM: TERM T_TIMES UNARY
    6     | TERM T_DIVIDE UNARY
    7     | UNARY

    8 FACTOR: FACTOR T_EXPONENT UNARY
    9       | UNARY

   10 UNARY: T_MINUS FACTOR
   11      | FACTOR

   12 FACTOR: T_VARIABLE
   13       | T_LBRACKET EXPR T_RBRACKET
   14       | T_NUMBER
   15       | T_LBRACKET EXPR T_RBRACKET
   16       | T_NUMBER
   17       | T_LBRACKET EXPR T_RBRACKET
   18       | FUNCTION_NAME T_LBRACKET EXPR T_RBRACKET
   19       | T_VARIABLE

   20 FUNCTION_NAME: T_LOG
   21              | T_EXP
   22              | T_SQRT


Terminals, with rules where they appear

    $end (0) 0
    error (256)
    T_TIMES (258) 5
    T_DIVIDE (259) 6
    T_PLUS (260) 2
    T_MINUS (261) 3 10
    T_EXPONENT (262) 8
    T_LBRACKET (263) 13 15 17 18
    T_RBRACKET (264) 13 15 17 18
    T_LOG <string> (265) 20
    T_EXP <string> (266) 21
    T_SQRT <string> (267) 22
    T_NUMBER <number> (268) 14 16
    T_VARIABLE <string> (269) 12 19
    NEG (270)


Nonterminals, with rules where they appear

    $accept (16)
        on left: 0
    ROOT (17)
        on left: 1
        on right: 0
    EXPR <expr> (18)
        on left: 2 3 4
        on right: 1 2 3 13 15 17 18
    TERM <expr> (19)
        on left: 5 6 7
        on right: 2 3 4 5 6
    FACTOR <expr> (20)
        on left: 8 9 12 13 14 15 16 17 18 19
        on right: 8 10 11
    UNARY <expr> (21)
        on left: 10 11
        on right: 5 6 7 8 9
    FUNCTION_NAME <string> (22)
        on left: 20 21 22
        on right: 18


State 0

    0 $accept: • ROOT $end

    T_MINUS     shift, and go to state 1
    T_LBRACKET  shift, and go to state 2
    T_LOG       shift, and go to state 3
    T_EXP       shift, and go to state 4
    T_SQRT      shift, and go to state 5
    T_NUMBER    shift, and go to state 6
    T_VARIABLE  shift, and go to state 7

    ROOT           go to state 8
    EXPR           go to state 9
    TERM           go to state 10
    FACTOR         go to state 11
    UNARY          go to state 12
    FUNCTION_NAME  go to state 13


State 1

   10 UNARY: T_MINUS • FACTOR

    T_MINUS     shift, and go to state 1
    T_LBRACKET  shift, and go to state 2
    T_LOG       shift, and go to state 3
    T_EXP       shift, and go to state 4
    T_SQRT      shift, and go to state 5
    T_NUMBER    shift, and go to state 6
    T_VARIABLE  shift, and go to state 7

    FACTOR         go to state 14
    UNARY          go to state 15
    FUNCTION_NAME  go to state 13


State 2

   13 FACTOR: T_LBRACKET • EXPR T_RBRACKET
   15       | T_LBRACKET • EXPR T_RBRACKET
   17       | T_LBRACKET • EXPR T_RBRACKET

    T_MINUS     shift, and go to state 1
    T_LBRACKET  shift, and go to state 2
    T_LOG       shift, and go to state 3
    T_EXP       shift, and go to state 4
    T_SQRT      shift, and go to state 5
    T_NUMBER    shift, and go to state 6
    T_VARIABLE  shift, and go to state 7

    EXPR           go to state 16
    TERM           go to state 10
    FACTOR         go to state 11
    UNARY          go to state 12
    FUNCTION_NAME  go to state 13


State 3

   20 FUNCTION_NAME: T_LOG •

    $default  reduce using rule 20 (FUNCTION_NAME)


State 4

   21 FUNCTION_NAME: T_EXP •

    $default  reduce using rule 21 (FUNCTION_NAME)


State 5

   22 FUNCTION_NAME: T_SQRT •

    $default  reduce using rule 22 (FUNCTION_NAME)


State 6

   14 FACTOR: T_NUMBER •
   16       | T_NUMBER •

    $end        reduce using rule 14 (FACTOR)
    $end        [reduce using rule 16 (FACTOR)]
    T_TIMES     reduce using rule 14 (FACTOR)
    T_TIMES     [reduce using rule 16 (FACTOR)]
    T_DIVIDE    reduce using rule 14 (FACTOR)
    T_DIVIDE    [reduce using rule 16 (FACTOR)]
    T_PLUS      reduce using rule 14 (FACTOR)
    T_PLUS      [reduce using rule 16 (FACTOR)]
    T_MINUS     reduce using rule 14 (FACTOR)
    T_MINUS     [reduce using rule 16 (FACTOR)]
    T_EXPONENT  reduce using rule 14 (FACTOR)
    T_EXPONENT  [reduce using rule 16 (FACTOR)]
    T_RBRACKET  reduce using rule 14 (FACTOR)
    T_RBRACKET  [reduce using rule 16 (FACTOR)]
    $default    reduce using rule 14 (FACTOR)


State 7

   12 FACTOR: T_VARIABLE •
   19       | T_VARIABLE •

    $end        reduce using rule 12 (FACTOR)
    $end        [reduce using rule 19 (FACTOR)]
    T_TIMES     reduce using rule 12 (FACTOR)
    T_TIMES     [reduce using rule 19 (FACTOR)]
    T_DIVIDE    reduce using rule 12 (FACTOR)
    T_DIVIDE    [reduce using rule 19 (FACTOR)]
    T_PLUS      reduce using rule 12 (FACTOR)
    T_PLUS      [reduce using rule 19 (FACTOR)]
    T_MINUS     reduce using rule 12 (FACTOR)
    T_MINUS     [reduce using rule 19 (FACTOR)]
    T_EXPONENT  reduce using rule 12 (FACTOR)
    T_EXPONENT  [reduce using rule 19 (FACTOR)]
    T_RBRACKET  reduce using rule 12 (FACTOR)
    T_RBRACKET  [reduce using rule 19 (FACTOR)]
    $default    reduce using rule 12 (FACTOR)


State 8

    0 $accept: ROOT • $end

    $end  shift, and go to state 17


State 9

    1 ROOT: EXPR •
    2 EXPR: EXPR • T_PLUS TERM
    3     | EXPR • T_MINUS TERM

    T_PLUS   shift, and go to state 18
    T_MINUS  shift, and go to state 19

    $default  reduce using rule 1 (ROOT)


State 10

    4 EXPR: TERM •
    5 TERM: TERM • T_TIMES UNARY
    6     | TERM • T_DIVIDE UNARY

    T_TIMES   shift, and go to state 20
    T_DIVIDE  shift, and go to state 21

    $default  reduce using rule 4 (EXPR)


State 11

    8 FACTOR: FACTOR • T_EXPONENT UNARY
   11 UNARY: FACTOR •

    T_EXPONENT  shift, and go to state 22

    T_EXPONENT  [reduce using rule 11 (UNARY)]
    $default    reduce using rule 11 (UNARY)


State 12

    7 TERM: UNARY •
    9 FACTOR: UNARY •

    $end        reduce using rule 7 (TERM)
    $end        [reduce using rule 9 (FACTOR)]
    T_TIMES     reduce using rule 7 (TERM)
    T_TIMES     [reduce using rule 9 (FACTOR)]
    T_DIVIDE    reduce using rule 7 (TERM)
    T_DIVIDE    [reduce using rule 9 (FACTOR)]
    T_PLUS      reduce using rule 7 (TERM)
    T_PLUS      [reduce using rule 9 (FACTOR)]
    T_MINUS     reduce using rule 7 (TERM)
    T_MINUS     [reduce using rule 9 (FACTOR)]
    T_EXPONENT  reduce using rule 9 (FACTOR)
    T_RBRACKET  reduce using rule 7 (TERM)
    T_RBRACKET  [reduce using rule 9 (FACTOR)]
    $default    reduce using rule 7 (TERM)


State 13

   18 FACTOR: FUNCTION_NAME • T_LBRACKET EXPR T_RBRACKET

    T_LBRACKET  shift, and go to state 23


State 14

    8 FACTOR: FACTOR • T_EXPONENT UNARY
   10 UNARY: T_MINUS FACTOR •
   11      | FACTOR •

    T_EXPONENT  shift, and go to state 22

    $end        reduce using rule 10 (UNARY)
    $end        [reduce using rule 11 (UNARY)]
    T_TIMES     reduce using rule 10 (UNARY)
    T_TIMES     [reduce using rule 11 (UNARY)]
    T_DIVIDE    reduce using rule 10 (UNARY)
    T_DIVIDE    [reduce using rule 11 (UNARY)]
    T_PLUS      reduce using rule 10 (UNARY)
    T_PLUS      [reduce using rule 11 (UNARY)]
    T_MINUS     reduce using rule 10 (UNARY)
    T_MINUS     [reduce using rule 11 (UNARY)]
    T_EXPONENT  [reduce using rule 10 (UNARY)]
    T_EXPONENT  [reduce using rule 11 (UNARY)]
    T_RBRACKET  reduce using rule 10 (UNARY)
    T_RBRACKET  [reduce using rule 11 (UNARY)]
    $default    reduce using rule 10 (UNARY)


State 15

    9 FACTOR: UNARY •

    $default  reduce using rule 9 (FACTOR)


State 16

    2 EXPR: EXPR • T_PLUS TERM
    3     | EXPR • T_MINUS TERM
   13 FACTOR: T_LBRACKET EXPR • T_RBRACKET
   15       | T_LBRACKET EXPR • T_RBRACKET
   17       | T_LBRACKET EXPR • T_RBRACKET

    T_PLUS      shift, and go to state 18
    T_MINUS     shift, and go to state 19
    T_RBRACKET  shift, and go to state 24


State 17

    0 $accept: ROOT $end •

    $default  accept


State 18

    2 EXPR: EXPR T_PLUS • TERM

    T_MINUS     shift, and go to state 1
    T_LBRACKET  shift, and go to state 2
    T_LOG       shift, and go to state 3
    T_EXP       shift, and go to state 4
    T_SQRT      shift, and go to state 5
    T_NUMBER    shift, and go to state 6
    T_VARIABLE  shift, and go to state 7

    TERM           go to state 25
    FACTOR         go to state 11
    UNARY          go to state 12
    FUNCTION_NAME  go to state 13


State 19

    3 EXPR: EXPR T_MINUS • TERM

    T_MINUS     shift, and go to state 1
    T_LBRACKET  shift, and go to state 2
    T_LOG       shift, and go to state 3
    T_EXP       shift, and go to state 4
    T_SQRT      shift, and go to state 5
    T_NUMBER    shift, and go to state 6
    T_VARIABLE  shift, and go to state 7

    TERM           go to state 26
    FACTOR         go to state 11
    UNARY          go to state 12
    FUNCTION_NAME  go to state 13


State 20

    5 TERM: TERM T_TIMES • UNARY

    T_MINUS     shift, and go to state 1
    T_LBRACKET  shift, and go to state 2
    T_LOG       shift, and go to state 3
    T_EXP       shift, and go to state 4
    T_SQRT      shift, and go to state 5
    T_NUMBER    shift, and go to state 6
    T_VARIABLE  shift, and go to state 7

    FACTOR         go to state 11
    UNARY          go to state 27
    FUNCTION_NAME  go to state 13


State 21

    6 TERM: TERM T_DIVIDE • UNARY

    T_MINUS     shift, and go to state 1
    T_LBRACKET  shift, and go to state 2
    T_LOG       shift, and go to state 3
    T_EXP       shift, and go to state 4
    T_SQRT      shift, and go to state 5
    T_NUMBER    shift, and go to state 6
    T_VARIABLE  shift, and go to state 7

    FACTOR         go to state 11
    UNARY          go to state 28
    FUNCTION_NAME  go to state 13


State 22

    8 FACTOR: FACTOR T_EXPONENT • UNARY

    T_MINUS     shift, and go to state 1
    T_LBRACKET  shift, and go to state 2
    T_LOG       shift, and go to state 3
    T_EXP       shift, and go to state 4
    T_SQRT      shift, and go to state 5
    T_NUMBER    shift, and go to state 6
    T_VARIABLE  shift, and go to state 7

    FACTOR         go to state 11
    UNARY          go to state 29
    FUNCTION_NAME  go to state 13


State 23

   18 FACTOR: FUNCTION_NAME T_LBRACKET • EXPR T_RBRACKET

    T_MINUS     shift, and go to state 1
    T_LBRACKET  shift, and go to state 2
    T_LOG       shift, and go to state 3
    T_EXP       shift, and go to state 4
    T_SQRT      shift, and go to state 5
    T_NUMBER    shift, and go to state 6
    T_VARIABLE  shift, and go to state 7

    EXPR           go to state 30
    TERM           go to state 10
    FACTOR         go to state 11
    UNARY          go to state 12
    FUNCTION_NAME  go to state 13


State 24

   13 FACTOR: T_LBRACKET EXPR T_RBRACKET •
   15       | T_LBRACKET EXPR T_RBRACKET •
   17       | T_LBRACKET EXPR T_RBRACKET •

    $end        reduce using rule 13 (FACTOR)
    $end        [reduce using rule 15 (FACTOR)]
    $end        [reduce using rule 17 (FACTOR)]
    T_TIMES     reduce using rule 13 (FACTOR)
    T_TIMES     [reduce using rule 15 (FACTOR)]
    T_TIMES     [reduce using rule 17 (FACTOR)]
    T_DIVIDE    reduce using rule 13 (FACTOR)
    T_DIVIDE    [reduce using rule 15 (FACTOR)]
    T_DIVIDE    [reduce using rule 17 (FACTOR)]
    T_PLUS      reduce using rule 13 (FACTOR)
    T_PLUS      [reduce using rule 15 (FACTOR)]
    T_PLUS      [reduce using rule 17 (FACTOR)]
    T_MINUS     reduce using rule 13 (FACTOR)
    T_MINUS     [reduce using rule 15 (FACTOR)]
    T_MINUS     [reduce using rule 17 (FACTOR)]
    T_EXPONENT  reduce using rule 13 (FACTOR)
    T_EXPONENT  [reduce using rule 15 (FACTOR)]
    T_EXPONENT  [reduce using rule 17 (FACTOR)]
    T_RBRACKET  reduce using rule 13 (FACTOR)
    T_RBRACKET  [reduce using rule 15 (FACTOR)]
    T_RBRACKET  [reduce using rule 17 (FACTOR)]
    $default    reduce using rule 13 (FACTOR)


State 25

    2 EXPR: EXPR T_PLUS TERM •
    5 TERM: TERM • T_TIMES UNARY
    6     | TERM • T_DIVIDE UNARY

    T_TIMES   shift, and go to state 20
    T_DIVIDE  shift, and go to state 21

    $default  reduce using rule 2 (EXPR)


State 26

    3 EXPR: EXPR T_MINUS TERM •
    5 TERM: TERM • T_TIMES UNARY
    6     | TERM • T_DIVIDE UNARY

    T_TIMES   shift, and go to state 20
    T_DIVIDE  shift, and go to state 21

    $default  reduce using rule 3 (EXPR)


State 27

    5 TERM: TERM T_TIMES UNARY •
    9 FACTOR: UNARY •

    $end        reduce using rule 5 (TERM)
    $end        [reduce using rule 9 (FACTOR)]
    T_TIMES     reduce using rule 5 (TERM)
    T_TIMES     [reduce using rule 9 (FACTOR)]
    T_DIVIDE    reduce using rule 5 (TERM)
    T_DIVIDE    [reduce using rule 9 (FACTOR)]
    T_PLUS      reduce using rule 5 (TERM)
    T_PLUS      [reduce using rule 9 (FACTOR)]
    T_MINUS     reduce using rule 5 (TERM)
    T_MINUS     [reduce using rule 9 (FACTOR)]
    T_EXPONENT  reduce using rule 9 (FACTOR)
    T_RBRACKET  reduce using rule 5 (TERM)
    T_RBRACKET  [reduce using rule 9 (FACTOR)]
    $default    reduce using rule 5 (TERM)


State 28

    6 TERM: TERM T_DIVIDE UNARY •
    9 FACTOR: UNARY •

    $end        reduce using rule 6 (TERM)
    $end        [reduce using rule 9 (FACTOR)]
    T_TIMES     reduce using rule 6 (TERM)
    T_TIMES     [reduce using rule 9 (FACTOR)]
    T_DIVIDE    reduce using rule 6 (TERM)
    T_DIVIDE    [reduce using rule 9 (FACTOR)]
    T_PLUS      reduce using rule 6 (TERM)
    T_PLUS      [reduce using rule 9 (FACTOR)]
    T_MINUS     reduce using rule 6 (TERM)
    T_MINUS     [reduce using rule 9 (FACTOR)]
    T_EXPONENT  reduce using rule 9 (FACTOR)
    T_RBRACKET  reduce using rule 6 (TERM)
    T_RBRACKET  [reduce using rule 9 (FACTOR)]
    $default    reduce using rule 6 (TERM)


State 29

    8 FACTOR: FACTOR T_EXPONENT UNARY •
    9       | UNARY •

    $end        reduce using rule 8 (FACTOR)
    $end        [reduce using rule 9 (FACTOR)]
    T_TIMES     reduce using rule 8 (FACTOR)
    T_TIMES     [reduce using rule 9 (FACTOR)]
    T_DIVIDE    reduce using rule 8 (FACTOR)
    T_DIVIDE    [reduce using rule 9 (FACTOR)]
    T_PLUS      reduce using rule 8 (FACTOR)
    T_PLUS      [reduce using rule 9 (FACTOR)]
    T_MINUS     reduce using rule 8 (FACTOR)
    T_MINUS     [reduce using rule 9 (FACTOR)]
    T_EXPONENT  reduce using rule 8 (FACTOR)
    T_EXPONENT  [reduce using rule 9 (FACTOR)]
    T_RBRACKET  reduce using rule 8 (FACTOR)
    T_RBRACKET  [reduce using rule 9 (FACTOR)]
    $default    reduce using rule 8 (FACTOR)


State 30

    2 EXPR: EXPR • T_PLUS TERM
    3     | EXPR • T_MINUS TERM
   18 FACTOR: FUNCTION_NAME T_LBRACKET EXPR • T_RBRACKET

    T_PLUS      shift, and go to state 18
    T_MINUS     shift, and go to state 19
    T_RBRACKET  shift, and go to state 31


State 31

   18 FACTOR: FUNCTION_NAME T_LBRACKET EXPR T_RBRACKET •

    $default  reduce using rule 18 (FACTOR)
